Flutter crash report.
Please report a bug at https://github.com/flutter/flutter/issues.

## command

flutter --no-color run --machine --track-widget-creation --device-id=00008030-0005149C0292802E --start-paused --dart-define=flutter.inspector.structuredErrors=true lib/main.dart

## exception

SocketException: SocketException: Send failed (OS Error: No route to host, errno = 65), address = 0.0.0.0, port = 5353

```
#0      _NativeSocket.send (dart:io-patch/socket_patch.dart:1269:34)
#1      _RawDatagramSocket.send (dart:io-patch/socket_patch.dart:2584:15)
#2      MDnsClient.lookup (package:multicast_dns/multicast_dns.dart:225:14)
#3      MDnsVmServiceDiscovery._pollingVmService (package:flutter_tools/src/mdns_discovery.dart:232:66)
<asynchronous suspension>
#4      MDnsVmServiceDiscovery.firstMatchingVmService (package:flutter_tools/src/mdns_discovery.dart:188:56)
<asynchronous suspension>
#5      MDnsVmServiceDiscovery.getVMServiceUriForLaunch (package:flutter_tools/src/mdns_discovery.dart:433:50)
<asynchronous suspension>
#6      Future.any.onValue (dart:async/future.dart:618:5)
<asynchronous suspension>
```

## flutter doctor

```
[✓] Flutter (Channel stable, 3.22.2, on macOS 15.1 24B83 darwin-arm64, locale en-KR)
    • Flutter version 3.22.2 on channel stable at /Users/simpaca/flutter
    • Upstream repository https://github.com/flutter/flutter.git
    • Framework revision 761747bfc5 (5 months ago), 2024-06-05 22:15:13 +0200
    • Engine revision edd8546116
    • Dart version 3.4.3
    • DevTools version 2.34.3

[✓] Android toolchain - develop for Android devices (Android SDK version 35.0.0)
    • Android SDK at /Users/simpaca/Library/Android/sdk
    • Platform android-35, build-tools 35.0.0
    • Java binary at: /Applications/Android Studio.app/Contents/jbr/Contents/Home/bin/java
    • Java version OpenJDK Runtime Environment (build 17.0.10+0-17.0.10b1087.21-11609105)
    • All Android licenses accepted.

[✓] Xcode - develop for iOS and macOS (Xcode 16.0)
    • Xcode at /Applications/Xcode.app/Contents/Developer
    • Build 16A242d
    • CocoaPods version 1.15.2

[✓] Chrome - develop for the web
    • Chrome at /Applications/Google Chrome.app/Contents/MacOS/Google Chrome

[✓] Android Studio (version 2024.1)
    • Android Studio at /Applications/Android Studio.app/Contents
    • Flutter plugin can be installed from:
      🔨 https://plugins.jetbrains.com/plugin/9212-flutter
    • Dart plugin can be installed from:
      🔨 https://plugins.jetbrains.com/plugin/6351-dart
    • Java version OpenJDK Runtime Environment (build 17.0.10+0-17.0.10b1087.21-11609105)

[✓] IntelliJ IDEA Ultimate Edition (version 2024.2.0.2)
    • IntelliJ at /Applications/IntelliJ IDEA.app
    • Flutter plugin can be installed from:
      🔨 https://plugins.jetbrains.com/plugin/9212-flutter
    • Dart plugin can be installed from:
      🔨 https://plugins.jetbrains.com/plugin/6351-dart

[✓] VS Code (version 1.94.2)
    • VS Code at /Applications/Visual Studio Code.app/Contents
    • Flutter extension can be installed from:
      🔨 https://marketplace.visualstudio.com/items?itemName=Dart-Code.flutter

[✓] Connected device (4 available)
    • iPhone (19) (mobile)            • 00008030-0005149C0292802E • ios            • iOS 18.0.1 22A3370
    • macOS (desktop)                 • macos                     • darwin-arm64   • macOS 15.1 24B83 darwin-arm64
    • Mac Designed for iPad (desktop) • mac-designed-for-ipad     • darwin         • macOS 15.1 24B83 darwin-arm64
    • Chrome (web)                    • chrome                    • web-javascript • Google Chrome 130.0.6723.117

[✓] Network resources
    • All expected network resources are available.

• No issues found!
```
